1560388769318	mozrunner::runner	INFO	Running command: "/Applications/Firefox.app/Contents/MacOS/firefox-bin" "-marionette" "-foreground" "-no-remote" "-profile" "/var/folders/z4/c1qn_zz13rjfnq7_xjy0861m0000gn/T/rust_mozprofile.yIR3PDpjeeUu"
1560388770522	addons.webextension.screenshots@mozilla.org	WARN	Loading extension 'screenshots@mozilla.org': Reading manifest: Invalid host permission: resource://pdf.js/
1560388770522	addons.webextension.screenshots@mozilla.org	WARN	Loading extension 'screenshots@mozilla.org': Reading manifest: Invalid host permission: about:reader*
Can't find symbol 'GetGraphicsResetStatus'.
1560388772522	Marionette	INFO	Listening on port 60950
1560388772604	Marionette	WARN	TLS certificate errors will be ignored for this session
console.error: BroadcastService: 
  receivedBroadcastMessage: handler for
  remote-settings/monitor_changes
  threw error:
  Message: Error: Polling for changes failed: NetworkError when attempting to fetch resource..
  Stack:
    remoteSettingsFunction/remoteSettings.pollChanges@resource://services-settings/remote-settings.js:188:13

Can't find symbol 'GetGraphicsResetStatus'.
1560389690736	Marionette	INFO	Stopped listening on port 60950
1560390185335	mozrunner::runner	INFO	Running command: "/Applications/Firefox.app/Contents/MacOS/firefox-bin" "-marionette" "-foreground" "-no-remote" "-profile" "/var/folders/z4/c1qn_zz13rjfnq7_xjy0861m0000gn/T/rust_mozprofile.G4oHlzEjDsnI"
1560390186139	addons.webextension.screenshots@mozilla.org	WARN	Loading extension 'screenshots@mozilla.org': Reading manifest: Invalid host permission: resource://pdf.js/
1560390186139	addons.webextension.screenshots@mozilla.org	WARN	Loading extension 'screenshots@mozilla.org': Reading manifest: Invalid host permission: about:reader*
Can't find symbol 'GetGraphicsResetStatus'.
1560390187777	Marionette	INFO	Listening on port 50500
1560390187802	Marionette	WARN	TLS certificate errors will be ignored for this session
1560390194754	Marionette	INFO	Stopped listening on port 50500
1560391151241	mozrunner::runner	INFO	Running command: "/Applications/Firefox.app/Contents/MacOS/firefox-bin" "-marionette" "-foreground" "-no-remote" "-profile" "/var/folders/z4/c1qn_zz13rjfnq7_xjy0861m0000gn/T/rust_mozprofile.mtzR8k2YmZTu"
1560391152133	addons.webextension.screenshots@mozilla.org	WARN	Loading extension 'screenshots@mozilla.org': Reading manifest: Invalid host permission: resource://pdf.js/
1560391152133	addons.webextension.screenshots@mozilla.org	WARN	Loading extension 'screenshots@mozilla.org': Reading manifest: Invalid host permission: about:reader*
Can't find symbol 'GetGraphicsResetStatus'.
1560391153929	Marionette	INFO	Listening on port 54505
1560391154014	Marionette	WARN	TLS certificate errors will be ignored for this session
console.error: BroadcastService: 
  receivedBroadcastMessage: handler for
  remote-settings/monitor_changes
  threw error:
  Message: Error: Polling for changes failed: NetworkError when attempting to fetch resource..
  Stack:
    remoteSettingsFunction/remoteSettings.pollChanges@resource://services-settings/remote-settings.js:188:13

1560391654267	mozrunner::runner	INFO	Running command: "/Applications/Firefox.app/Contents/MacOS/firefox-bin" "-marionette" "-foreground" "-no-remote" "-profile" "/var/folders/z4/c1qn_zz13rjfnq7_xjy0861m0000gn/T/rust_mozprofile.nyNXeCUNxNe6"
1560391655019	addons.webextension.screenshots@mozilla.org	WARN	Loading extension 'screenshots@mozilla.org': Reading manifest: Invalid host permission: resource://pdf.js/
1560391655019	addons.webextension.screenshots@mozilla.org	WARN	Loading extension 'screenshots@mozilla.org': Reading manifest: Invalid host permission: about:reader*
Can't find symbol 'GetGraphicsResetStatus'.
1560391656634	Marionette	INFO	Listening on port 56627
1560391656720	Marionette	WARN	TLS certificate errors will be ignored for this session
1560391656896	Marionette	INFO	Stopped listening on port 56627
JavaScript error: resource://gre/modules/Sqlite.jsm, line 841: Error: Connection is not open.
1560391820981	mozrunner::runner	INFO	Running command: "/Applications/Firefox.app/Contents/MacOS/firefox-bin" "-marionette" "-foreground" "-no-remote" "-profile" "/var/folders/z4/c1qn_zz13rjfnq7_xjy0861m0000gn/T/rust_mozprofile.MVIbMV8y0O5Z"
1560391821525	addons.webextension.screenshots@mozilla.org	WARN	Loading extension 'screenshots@mozilla.org': Reading manifest: Invalid host permission: resource://pdf.js/
1560391821525	addons.webextension.screenshots@mozilla.org	WARN	Loading extension 'screenshots@mozilla.org': Reading manifest: Invalid host permission: about:reader*
Can't find symbol 'GetGraphicsResetStatus'.
1560391822874	Marionette	INFO	Listening on port 57359
1560391822935	Marionette	WARN	TLS certificate errors will be ignored for this session
1560391823066	Marionette	INFO	Stopped listening on port 57359
JavaScript error: resource://gre/modules/Sqlite.jsm, line 841: Error: Connection is not open.
